# JRE version: OpenJDK Runtime Environment (11.0.2+9) (build 11.0.2+9)
# Java VM: OpenJDK 64-Bit Server VM (11.0.2+9, mixed mode, tiered, compressed oops, g1 gc, windows-amd64)
Heap:
 garbage-first heap   total 437248K, used 287211K [0x0000000700000000, 0x0000000800000000)
  region size 1024K, 93 young (95232K), 18 survivors (18432K)
 Metaspace       used 118469K, capacity 123251K, committed 123472K, reserved 1155072K
  class space    used 15714K, capacity 17582K, committed 17664K, reserved 1048576K
GC Heap History (10 events):
Event: 52.100 GC heap before
{Heap before GC invocations=115 (full 0):
 garbage-first heap   total 272384K, used 184176K [0x0000000700000000, 0x0000000800000000)
  region size 1024K, 51 young (52224K), 3 survivors (3072K)
 Metaspace       used 103092K, capacity 106813K, committed 107088K, reserved 1140736K
  class space    used 13760K, capacity 15260K, committed 15360K, reserved 1048576K
}
Event: 52.109 GC heap after
{Heap after GC invocations=116 (full 0):
 garbage-first heap   total 272384K, used 137510K [0x0000000700000000, 0x0000000800000000)
  region size 1024K, 6 young (6144K), 6 survivors (6144K)
 Metaspace       used 103092K, capacity 106813K, committed 107088K, reserved 1140736K
  class space    used 13760K, capacity 15260K, committed 15360K, reserved 1048576K
}
Event: 52.524 GC heap before
{Heap before GC invocations=116 (full 0):
 garbage-first heap   total 272384K, used 189734K [0x0000000700000000, 0x0000000800000000)
  region size 1024K, 57 young (58368K), 6 survivors (6144K)
 Metaspace       used 104456K, capacity 108125K, committed 108240K, reserved 1142784K
  class space    used 13920K, capacity 15451K, committed 15488K, reserved 1048576K
}
Event: 52.552 GC heap after
{Heap after GC invocations=117 (full 0):
 garbage-first heap   total 437248K, used 142983K [0x0000000700000000, 0x0000000800000000)
  region size 1024K, 8 young (8192K), 8 survivors (8192K)
 Metaspace       used 104456K, capacity 108125K, committed 108240K, reserved 1142784K
  class space    used 13920K, capacity 15451K, committed 15488K, reserved 1048576K
}
Event: 55.025 GC heap before
{Heap before GC invocations=118 (full 0):
 garbage-first heap   total 437248K, used 261767K [0x0000000700000000, 0x0000000800000000)
  region size 1024K, 120 young (122880K), 8 survivors (8192K)
 Metaspace       used 105476K, capacity 109306K, committed 109392K, reserved 1142784K
  class space    used 14053K, capacity 15580K, committed 15616K, reserved 1048576K
}
Event: 55.116 GC heap after
{Heap after GC invocations=119 (full 0):
 garbage-first heap   total 437248K, used 160738K [0x0000000700000000, 0x0000000800000000)
  region size 1024K, 15 young (15360K), 15 survivors (15360K)
 Metaspace       used 105476K, capacity 109306K, committed 109392K, reserved 1142784K
  class space    used 14053K, capacity 15580K, committed 15616K, reserved 1048576K
}
Event: 58.846 GC heap before
{Heap before GC invocations=119 (full 0):
 garbage-first heap   total 437248K, used 294882K [0x0000000700000000, 0x0000000800000000)
  region size 1024K, 140 young (143360K), 15 survivors (15360K)
 Metaspace       used 110220K, capacity 114516K, committed 114768K, reserved 1148928K
  class space    used 14658K, capacity 16346K, committed 16384K, reserved 1048576K
}
Event: 58.969 GC heap after
{Heap after GC invocations=120 (full 0):
 garbage-first heap   total 437248K, used 185567K [0x0000000700000000, 0x0000000800000000)
  region size 1024K, 17 young (17408K), 17 survivors (17408K)
 Metaspace       used 110220K, capacity 114516K, committed 114768K, reserved 1148928K
  class space    used 14658K, capacity 16346K, committed 16384K, reserved 1048576K
}
Event: 62.331 GC heap before
{Heap before GC invocations=120 (full 0):
 garbage-first heap   total 437248K, used 322783K [0x0000000700000000, 0x0000000800000000)
  region size 1024K, 144 young (147456K), 17 survivors (17408K)
 Metaspace       used 115071K, capacity 119743K, committed 119888K, reserved 1153024K
  class space    used 15318K, capacity 17141K, committed 17152K, reserved 1048576K
}
Event: 62.409 GC heap after
{Heap after GC invocations=121 (full 0):
 garbage-first heap   total 437248K, used 211435K [0x0000000700000000, 0x0000000800000000)
  region size 1024K, 18 young (18432K), 18 survivors (18432K)
 Metaspace       used 115071K, capacity 119743K, committed 119888K, reserved 1153024K
  class space    used 15318K, capacity 17141K, committed 17152K, reserved 1048576K
}

